<?xml version="1.0" encoding="UTF-8"?>
<!-- Generated by org.testng.reporters.JUnitXMLReporter -->
<testsuite ignored="0" hostname="DESKTOP-N2OGGF4" failures="0" tests="3" name="Test" time="62.919" errors="0" timestamp="2023-07-26T08:19:07 IST">
  <testcase classname="Ecommers.Amazon" name="amazonTest" time="31.704"/>
  <testcase classname="Ecommers.flipkart" name="flipkartTest" time="12.57"/>
  <testcase classname="Ecommers.Myntra" name="myntraTest" time="18.596"/>
</testsuite> <!-- Test -->
