<?xml version="1.0" encoding="UTF-8"?>
<testng-results ignored="0" total="1" passed="1" failed="0" skipped="0">
  <reporter-output>
  </reporter-output>
  <suite started-at="2023-08-01T12:36:08 IST" name="Default suite" finished-at="2023-08-01T12:36:23 IST" duration-ms="15020">
    <groups>
    </groups>
    <test started-at="2023-08-01T12:36:08 IST" name="Default test" finished-at="2023-08-01T12:36:23 IST" duration-ms="15020">
      <class name="Ecommers.snapdeal">
        <test-method signature="snapdealTest()[pri:0, instance:Ecommers.snapdeal@6cf0e0ba]" started-at="2023-08-01T12:36:09 IST" name="snapdealTest" finished-at="2023-08-01T12:36:23 IST" duration-ms="14945" status="PASS">
          <reporter-output>
          </reporter-output>
        </test-method> <!-- snapdealTest -->
      </class> <!-- Ecommers.snapdeal -->
    </test> <!-- Default test -->
  </suite> <!-- Default suite -->
</testng-results>
